0 info it worked if it ends with ok
1 verbose cli [ '/usr/local/bin/node',
1 verbose cli   '/usr/local/bin/npm',
1 verbose cli   'install',
1 verbose cli   '—save',
1 verbose cli   'sequelize-cli' ]
2 info using npm@2.15.1
3 info using node@v4.4.4
4 verbose install initial load of /Users/BAT/Desktop/TravelApp/package.json
5 warn package.json example@1.0.0 No description
6 warn package.json example@1.0.0 No README data
7 verbose installManyTop reading scoped package data from /Users/BAT/Desktop/TravelApp/node_modules/bcryptjs/package.json
8 verbose installManyTop reading scoped package data from /Users/BAT/Desktop/TravelApp/node_modules/body-parser/package.json
9 verbose installManyTop reading scoped package data from /Users/BAT/Desktop/TravelApp/node_modules/cookie-parser/package.json
10 verbose installManyTop reading scoped package data from /Users/BAT/Desktop/TravelApp/node_modules/express/package.json
11 verbose installManyTop reading scoped package data from /Users/BAT/Desktop/TravelApp/node_modules/express-handlebars/package.json
12 verbose installManyTop reading scoped package data from /Users/BAT/Desktop/TravelApp/node_modules/express-session/package.json
13 verbose installManyTop reading scoped package data from /Users/BAT/Desktop/TravelApp/node_modules/mysql/package.json
14 verbose installManyTop reading scoped package data from /Users/BAT/Desktop/TravelApp/node_modules/passport/package.json
15 verbose installManyTop reading scoped package data from /Users/BAT/Desktop/TravelApp/node_modules/passport-local/package.json
16 verbose installManyTop reading scoped package data from /Users/BAT/Desktop/TravelApp/node_modules/sequelize/package.json
17 verbose installManyTop reading scoped package data from /Users/BAT/Desktop/TravelApp/node_modules/sequelize-cli/package.json
18 info package.json passport@0.3.2 No README data
19 info package.json passport-local@1.0.0 No license field.
20 verbose readDependencies loading dependencies from /Users/BAT/Desktop/TravelApp/package.json
21 silly cache add args [ '—save', null ]
22 verbose cache add spec —save
23 verbose install sequelize-cli is installed as 2.4.0
24 silly cache add args [ 'sequelize-cli@^2.4.0', null ]
25 verbose cache add spec sequelize-cli@^2.4.0
26 silly cache add parsed spec Result {
26 silly cache add   raw: 'sequelize-cli@^2.4.0',
26 silly cache add   scope: null,
26 silly cache add   name: 'sequelize-cli',
26 silly cache add   rawSpec: '^2.4.0',
26 silly cache add   spec: '>=2.4.0 <3.0.0',
26 silly cache add   type: 'range' }
27 silly addNamed sequelize-cli@>=2.4.0 <3.0.0
28 verbose addNamed ">=2.4.0 <3.0.0" is a valid semver range for sequelize-cli
29 silly addNameRange { name: 'sequelize-cli',
29 silly addNameRange   range: '>=2.4.0 <3.0.0',
29 silly addNameRange   hasData: false }
30 silly mapToRegistry name sequelize-cli
31 silly mapToRegistry using default registry
32 silly mapToRegistry registry https://registry.npmjs.org/
33 silly mapToRegistry data Result {
33 silly mapToRegistry   raw: 'sequelize-cli',
33 silly mapToRegistry   scope: null,
33 silly mapToRegistry   name: 'sequelize-cli',
33 silly mapToRegistry   rawSpec: '',
33 silly mapToRegistry   spec: 'latest',
33 silly mapToRegistry   type: 'tag' }
34 silly mapToRegistry uri https://registry.npmjs.org/sequelize-cli
35 verbose addNameRange registry:https://registry.npmjs.org/sequelize-cli not in flight; fetching
36 silly cache add parsed spec Result {
36 silly cache add   raw: '—save',
36 silly cache add   scope: null,
36 silly cache add   name: null,
36 silly cache add   rawSpec: '—save',
36 silly cache add   spec: '/Users/BAT/Desktop/TravelApp/—save',
36 silly cache add   type: 'local' }
37 error addLocal Could not install /Users/BAT/Desktop/TravelApp/—save
38 verbose request uri https://registry.npmjs.org/sequelize-cli
39 verbose request no auth needed
40 info attempt registry request try #1 at 11:20:55 AM
41 verbose request id d7426da82246a155
42 verbose etag "ASE4H8RVX96VVIBUGWY7PPVUI"
43 http request GET https://registry.npmjs.org/sequelize-cli
44 verbose stack TypeError: The header content contains invalid characters
44 verbose stack     at ClientRequest.OutgoingMessage.setHeader (_http_outgoing.js:351:13)
44 verbose stack     at new ClientRequest (_http_client.js:79:14)
44 verbose stack     at Object.exports.request (http.js:31:10)
44 verbose stack     at Object.socket.once.exports.request (https.js:182:15)
44 verbose stack     at Request.start (/usr/local/lib/node_modules/npm/node_modules/request/request.js:747:30)
44 verbose stack     at Request.end (/usr/local/lib/node_modules/npm/node_modules/request/request.js:1381:10)
44 verbose stack     at end (/usr/local/lib/node_modules/npm/node_modules/request/request.js:575:14)
44 verbose stack     at Immediate._onImmediate (/usr/local/lib/node_modules/npm/node_modules/request/request.js:589:7)
44 verbose stack     at processImmediate [as _immediateCallback] (timers.js:383:17)
45 verbose cwd /Users/BAT/Desktop/TravelApp
46 error Darwin 15.5.0
47 error argv "/usr/local/bin/node" "/usr/local/bin/npm" "install" "—save" "sequelize-cli"
48 error node v4.4.4
49 error npm  v2.15.1
50 error The header content contains invalid characters
51 error If you need help, you may report this error at:
51 error     <https://github.com/npm/npm/issues>
52 verbose exit [ 1, true ]
